2014-03-11 20:40:18,964 ERROR [Worker-10] - System.err - SLF4J: Failed to load class "org.slf4j.impl.StaticLoggerBinder".
2014-03-11 20:40:18,965 ERROR [Worker-10] - System.err - SLF4J: Defaulting to no-operation (NOP) logger implementation
2014-03-11 20:40:18,965 ERROR [Worker-10] - System.err - SLF4J: See http://www.slf4j.org/codes.html#StaticLoggerBinder for further details.
2014-03-11 20:41:08,782 ERROR [main] - org.scala-ide.sdt.core - org.scala-ide.sdt.core - org.scala-ide.sdt.core - 0 - Error during instrumentation of ScriptCompilationUnit(L/hello-world/src/greeter/Hello.sc)
org.scalaide.worksheet.runtime.MissingTopLevelObjectDeclaration: Couldn't find top level object declaration in source Hello.sc
	at org.scalaide.worksheet.runtime.SourceInstrumenter.instrumentProgram(SourceInstrumenter.scala:33)
	at org.scalaide.worksheet.runtime.SourceInstrumenter.instrument(SourceInstrumenter.scala:20)
	at org.scalaide.worksheet.runtime.WorksheetRunner$$anonfun$act$1$$anonfun$apply$1.applyOrElse(WorksheetRunner.scala:58)
	at scala.runtime.AbstractPartialFunction$mcVL$sp.apply$mcVL$sp(AbstractPartialFunction.scala:33)
	at scala.runtime.AbstractPartialFunction$mcVL$sp.apply(AbstractPartialFunction.scala:33)
	at scala.runtime.AbstractPartialFunction$mcVL$sp.apply(AbstractPartialFunction.scala:25)
	at scala.actors.ReactorTask.run(ReactorTask.scala:31)
	at scala.actors.Reactor$class.resumeReceiver(Reactor.scala:129)
	at org.scalaide.worksheet.runtime.WorksheetRunner.scala$actors$InternalReplyReactor$$super$resumeReceiver(WorksheetRunner.scala:33)
	at scala.actors.InternalReplyReactor$class.resumeReceiver(InternalReplyReactor.scala:59)
	at org.scalaide.worksheet.runtime.WorksheetRunner.resumeReceiver(WorksheetRunner.scala:33)
	at scala.actors.InternalActor$class.searchMailbox(InternalActor.scala:76)
	at org.scalaide.worksheet.runtime.WorksheetRunner.searchMailbox(WorksheetRunner.scala:33)
	at scala.actors.Reactor$$anonfun$startSearch$1$$anonfun$apply$mcV$sp$1.apply$mcV$sp(Reactor.scala:117)
	at scala.actors.Reactor$$anonfun$startSearch$1$$anonfun$apply$mcV$sp$1.apply(Reactor.scala:114)
	at scala.actors.Reactor$$anonfun$startSearch$1$$anonfun$apply$mcV$sp$1.apply(Reactor.scala:114)
	at scala.actors.ReactorTask.run(ReactorTask.scala:33)
	at scala.actors.ReactorTask.compute(ReactorTask.scala:63)
	at scala.concurrent.forkjoin.RecursiveAction.exec(RecursiveAction.java:160)
	at scala.concurrent.forkjoin.ForkJoinTask.doExec(ForkJoinTask.java:260)
	at scala.concurrent.forkjoin.ForkJoinPool$WorkQueue.runTask(ForkJoinPool.java:1339)
	at scala.concurrent.forkjoin.ForkJoinPool.runWorker(ForkJoinPool.java:1979)
	at scala.concurrent.forkjoin.ForkJoinWorkerThread.run(ForkJoinWorkerThread.java:107)
2014-03-16 13:37:57,437 ERROR [Worker-3] - System.err - SLF4J: Failed to load class "org.slf4j.impl.StaticLoggerBinder".
2014-03-16 13:37:57,450 ERROR [Worker-3] - System.err - SLF4J: Defaulting to no-operation (NOP) logger implementation
2014-03-16 13:37:57,450 ERROR [Worker-3] - System.err - SLF4J: See http://www.slf4j.org/codes.html#StaticLoggerBinder for further details.
2014-03-18 19:58:46,138 ERROR [Worker-9] - System.err - SLF4J: Failed to load class "org.slf4j.impl.StaticLoggerBinder".
2014-03-18 19:58:46,143 ERROR [Worker-9] - System.err - SLF4J: Defaulting to no-operation (NOP) logger implementation
2014-03-18 19:58:46,143 ERROR [Worker-9] - System.err - SLF4J: See http://www.slf4j.org/codes.html#StaticLoggerBinder for further details.
